Using pre-set license
Built from '2020.3/staging' branch; Version is '2020.3.10f1 (297d780c91bc) revision 2719096'; Using compiler version '192528614'; Build Type 'Release'
OS: 'Windows 10 Home Single Language; OS build 19042.1052; Version 2009; 64bit' Language: 'en' Physical Memory: 6058 MB
BatchMode: 1, IsHumanControllingUs: 0, StartBugReporterOnCrash: 0, Is64bit: 1, IsPro: 0

 COMMAND LINE ARGUMENTS:
D:\Unity2020\Unity\Editor\Unity.exe
-adb2
-batchMode
-noUpm
-name
AssetImportWorker0
-projectPath
C:/Users/HP/OneDrive/Dokumen/FlappyBird/bayu/UffoGalaxy
-logFile
Logs/AssetImportWorker0.log
-srvPort
57649
Successfully changed project path to: C:/Users/HP/OneDrive/Dokumen/FlappyBird/bayu/UffoGalaxy
C:/Users/HP/OneDrive/Dokumen/FlappyBird/bayu/UffoGalaxy
Using Asset Import Pipeline V2.
Refreshing native plugins compatible for Editor in 182.53 ms, found 3 plugins.
Preloading 0 native plugins for Editor in 0.00 ms.
Initialize engine version: 2020.3.10f1 (297d780c91bc)
[Subsystems] Discovering subsystems at path D:/Unity2020/Unity/Editor/Data/Resources/UnitySubsystems
[Subsystems] Discovering subsystems at path C:/Users/HP/OneDrive/Dokumen/FlappyBird/bayu/UffoGalaxy/Assets
GfxDevice: creating device client; threaded=0
Direct3D:
    Version:  Direct3D 11.0 [level 11.1]
    Renderer: AMD Radeon(TM) Vega 3 Graphics (ID=0x15d8)
    Vendor:   
    VRAM:     3029 MB
    Driver:   26.20.11008.3003
Initialize mono
Mono path[0] = 'D:/Unity2020/Unity/Editor/Data/Managed'
Mono path[1] = 'D:/Unity2020/Unity/Editor/Data/MonoBleedingEdge/lib/mono/unityjit'
Mono config path = 'D:/Unity2020/Unity/Editor/Data/MonoBleedingEdge/etc'
Using monoOptions --debugger-agent=transport=dt_socket,embedding=1,server=y,suspend=n,address=127.0.0.1:56388
Begin MonoManager ReloadAssembly
Registering precompiled unity dll's ...
Register platform support module: D:/Unity2020/Unity/Editor/Data/PlaybackEngines/WindowsStandaloneSupport/UnityEditor.WindowsStandalone.Extensions.dll
Registered in 0.002435 seconds.
Native extension for WindowsStandalone target not found
Refreshing native plugins compatible for Editor in 128.64 ms, found 3 plugins.
Preloading 0 native plugins for Editor in 0.00 ms.
Mono: successfully reloaded assembly
- Completed reload, in  2.226 seconds
Platform modules already initialized, skipping
Registering precompiled user dll's ...
Registered in 0.015136 seconds.
Begin MonoManager ReloadAssembly
Native extension for WindowsStandalone target not found
Refreshing native plugins compatible for Editor in 321.62 ms, found 3 plugins.
Preloading 0 native plugins for Editor in 0.00 ms.
Mono: successfully reloaded assembly
- Completed reload, in  3.471 seconds
Platform modules already initialized, skipping
========================================================================
Worker process is ready to serve import requests
Launched and connected shader compiler UnityShaderCompiler.exe after 0.10 seconds
Refreshing native plugins compatible for Editor in 2.31 ms, found 3 plugins.
Preloading 0 native plugins for Editor in 0.00 ms.
Unloading 2554 Unused Serialized files (Serialized files now loaded: 0)
System memory in use before: 111.5 MB.
System memory in use after: 111.6 MB.

Unloading 69 unused Assets to reduce memory usage. Loaded Objects now: 2968.
Total: 14.380100 ms (FindLiveObjects: 0.843200 ms CreateObjectMapping: 0.146000 ms MarkObjects: 12.958100 ms  DeleteObjects: 0.429100 ms)

========================================================================
Received Import Request.
  path: Assets/Scenes/back.unity
  artifactKey: Guid(1424f27fdad266e4aa4f5534d65ae953) Importer(815301076,1909f56bfc062723c751e8b465ee728b)
Start importing Assets/Scenes/back.unity using Guid(1424f27fdad266e4aa4f5534d65ae953) Importer(815301076,1909f56bfc062723c751e8b465ee728b)  -> (artifact id: '269b06d78e2f204653662c8adcbf253d') in 0.061541 seconds
  Import took 0.071373 seconds .

========================================================================
Received Prepare
Refreshing native plugins compatible for Editor in 244.77 ms, found 3 plugins.
Preloading 0 native plugins for Editor in 0.00 ms.
Unloading 55 Unused Serialized files (Serialized files now loaded: 0)
System memory in use before: 62.1 MB.
System memory in use after: 62.2 MB.

Unloading 55 unused Assets to reduce memory usage. Loaded Objects now: 2968.
Total: 21.256500 ms (FindLiveObjects: 1.598400 ms CreateObjectMapping: 0.844400 ms MarkObjects: 18.223400 ms  DeleteObjects: 0.583500 ms)

========================================================================
Received Import Request.
  Time since last request: 266.538278 seconds.
  path: Assets/Scenes/SampleScene.unity
  artifactKey: Guid(2cda990e2423bbf4892e6590ba056729) Importer(815301076,1909f56bfc062723c751e8b465ee728b)
Start importing Assets/Scenes/SampleScene.unity using Guid(2cda990e2423bbf4892e6590ba056729) Importer(815301076,1909f56bfc062723c751e8b465ee728b)  -> (artifact id: 'd75eae51e6585a8c27cfe6048d66fc8f') in 0.037976 seconds
  Import took 0.051368 seconds .

========================================================================
Received Import Request.
  Time since last request: 118.333413 seconds.
  path: Assets/Scenes/back.unity
  artifactKey: Guid(1424f27fdad266e4aa4f5534d65ae953) Importer(815301076,1909f56bfc062723c751e8b465ee728b)
Start importing Assets/Scenes/back.unity using Guid(1424f27fdad266e4aa4f5534d65ae953) Importer(815301076,1909f56bfc062723c751e8b465ee728b)  -> (artifact id: 'cb4a524c9bc96361040619d6c3e17c24') in 0.025508 seconds
  Import took 0.046826 seconds .

========================================================================
Received Import Request.
  Time since last request: 0.000556 seconds.
  path: Assets/Scenes/back.unity
  artifactKey: Guid(1424f27fdad266e4aa4f5534d65ae953) Importer(815301076,1909f56bfc062723c751e8b465ee728b)
Start importing Assets/Scenes/back.unity using Guid(1424f27fdad266e4aa4f5534d65ae953) Importer(815301076,1909f56bfc062723c751e8b465ee728b)  -> (artifact id: 'cb4a524c9bc96361040619d6c3e17c24') in 0.009819 seconds
  Import took 0.021784 seconds .

AssetImportWorkerClient::OnTransportError - code=2 error=End of file
