Using pre-set license
Built from '2020.3/staging' branch; Version is '2020.3.10f1 (297d780c91bc) revision 2719096'; Using compiler version '192528614'; Build Type 'Release'
OS: 'Windows 10 Home Single Language; OS build 19042.1052; Version 2009; 64bit' Language: 'en' Physical Memory: 6058 MB
BatchMode: 1, IsHumanControllingUs: 0, StartBugReporterOnCrash: 0, Is64bit: 1, IsPro: 0

 COMMAND LINE ARGUMENTS:
D:\Unity2020\Unity\Editor\Unity.exe
-adb2
-batchMode
-noUpm
-name
AssetImportWorker0
-projectPath
D:/UnityProject/New folder/FlappyBird
-logFile
Logs/AssetImportWorker0.log
-srvPort
61085
Successfully changed project path to: D:/UnityProject/New folder/FlappyBird
D:/UnityProject/New folder/FlappyBird
Using Asset Import Pipeline V2.
Refreshing native plugins compatible for Editor in 171.35 ms, found 3 plugins.
Preloading 0 native plugins for Editor in 0.00 ms.
Initialize engine version: 2020.3.10f1 (297d780c91bc)
[Subsystems] Discovering subsystems at path D:/Unity2020/Unity/Editor/Data/Resources/UnitySubsystems
[Subsystems] Discovering subsystems at path D:/UnityProject/New folder/FlappyBird/Assets
GfxDevice: creating device client; threaded=0
Direct3D:
    Version:  Direct3D 11.0 [level 11.1]
    Renderer: AMD Radeon(TM) Vega 3 Graphics (ID=0x15d8)
    Vendor:   
    VRAM:     3029 MB
    Driver:   26.20.11008.3003
Initialize mono
Mono path[0] = 'D:/Unity2020/Unity/Editor/Data/Managed'
Mono path[1] = 'D:/Unity2020/Unity/Editor/Data/MonoBleedingEdge/lib/mono/unityjit'
Mono config path = 'D:/Unity2020/Unity/Editor/Data/MonoBleedingEdge/etc'
Using monoOptions --debugger-agent=transport=dt_socket,embedding=1,server=y,suspend=n,address=127.0.0.1:56372
Begin MonoManager ReloadAssembly
Registering precompiled unity dll's ...
Register platform support module: D:/Unity2020/Unity/Editor/Data/PlaybackEngines/WindowsStandaloneSupport/UnityEditor.WindowsStandalone.Extensions.dll
Registered in 0.002371 seconds.
Native extension for WindowsStandalone target not found
Refreshing native plugins compatible for Editor in 99.09 ms, found 3 plugins.
Preloading 0 native plugins for Editor in 0.00 ms.
Mono: successfully reloaded assembly
- Completed reload, in  1.993 seconds
Platform modules already initialized, skipping
Registering precompiled user dll's ...
Registered in 0.008421 seconds.
Begin MonoManager ReloadAssembly
Native extension for WindowsStandalone target not found
Refreshing native plugins compatible for Editor in 100.03 ms, found 3 plugins.
Preloading 0 native plugins for Editor in 0.00 ms.
Mono: successfully reloaded assembly
- Completed reload, in  2.555 seconds
Platform modules already initialized, skipping
========================================================================
Worker process is ready to serve import requests
Launched and connected shader compiler UnityShaderCompiler.exe after 0.17 seconds
Refreshing native plugins compatible for Editor in 2.01 ms, found 3 plugins.
Preloading 0 native plugins for Editor in 0.00 ms.
Unloading 2554 Unused Serialized files (Serialized files now loaded: 0)
System memory in use before: 111.4 MB.
System memory in use after: 111.5 MB.

Unloading 69 unused Assets to reduce memory usage. Loaded Objects now: 2968.
Total: 17.065600 ms (FindLiveObjects: 0.602800 ms CreateObjectMapping: 0.174200 ms MarkObjects: 15.820800 ms  DeleteObjects: 0.464300 ms)

========================================================================
Received Import Request.
  path: Assets/Player1 1.png
  artifactKey: Guid(7c47d7cebb3ac824b816c1741304eabf) Importer(815301076,1909f56bfc062723c751e8b465ee728b)
Start importing Assets/Player1 1.png using Guid(7c47d7cebb3ac824b816c1741304eabf) Importer(815301076,1909f56bfc062723c751e8b465ee728b)  -> (artifact id: 'e5b2e15a02adbe4e84df9e5d0ebed859') in 0.623911 seconds
  Import took 0.645939 seconds .

========================================================================
Received Import Request.
  Time since last request: 23.912576 seconds.
  path: Assets/Scenes/back.unity
  artifactKey: Guid(1424f27fdad266e4aa4f5534d65ae953) Importer(815301076,1909f56bfc062723c751e8b465ee728b)
Start importing Assets/Scenes/back.unity using Guid(1424f27fdad266e4aa4f5534d65ae953) Importer(815301076,1909f56bfc062723c751e8b465ee728b)  -> (artifact id: 'e6ae177f73baf1290b9f87a67057126e') in 0.024760 seconds
  Import took 0.085040 seconds .

========================================================================
Received Prepare
Registering precompiled user dll's ...
Registered in 0.009983 seconds.
Begin MonoManager ReloadAssembly
Native extension for WindowsStandalone target not found
Refreshing native plugins compatible for Editor in 2.32 ms, found 3 plugins.
Preloading 0 native plugins for Editor in 0.00 ms.
Mono: successfully reloaded assembly
- Completed reload, in  2.818 seconds
Platform modules already initialized, skipping
Switching build target platform(19) subTarget(0) extendedPlatform(0) -> platform(13) subTarget(537395200) extendedPlatform(0)
Refreshing native plugins compatible for Editor in 2.32 ms, found 3 plugins.
Preloading 0 native plugins for Editor in 0.00 ms.
Unloading 2552 Unused Serialized files (Serialized files now loaded: 0)
System memory in use before: 114.2 MB.
System memory in use after: 114.2 MB.

Unloading 58 unused Assets to reduce memory usage. Loaded Objects now: 2977.
Total: 21.281200 ms (FindLiveObjects: 1.718100 ms CreateObjectMapping: 0.599300 ms MarkObjects: 18.544900 ms  DeleteObjects: 0.413900 ms)

AssetImportParameters requested are different than current active one (requested -> active):
  custom:graphics/normal-map-encoding: 01000000000000000000000000000000 -> 02000000000000000000000000000000
========================================================================
Received Prepare
Registering precompiled user dll's ...
Registered in 0.008314 seconds.
Begin MonoManager ReloadAssembly
Native extension for WindowsStandalone target not found
Refreshing native plugins compatible for Editor in 3.62 ms, found 3 plugins.
Preloading 0 native plugins for Editor in 0.00 ms.
Mono: successfully reloaded assembly
- Completed reload, in  2.774 seconds
Platform modules already initialized, skipping
Switching build target platform(19) subTarget(0) extendedPlatform(0) -> platform(13) subTarget(537395200) extendedPlatform(0)
Refreshing native plugins compatible for Editor in 2.98 ms, found 3 plugins.
Preloading 0 native plugins for Editor in 0.00 ms.
Unloading 2552 Unused Serialized files (Serialized files now loaded: 0)
System memory in use before: 114.2 MB.
System memory in use after: 114.3 MB.

Unloading 58 unused Assets to reduce memory usage. Loaded Objects now: 2980.
Total: 18.227500 ms (FindLiveObjects: 0.637400 ms CreateObjectMapping: 0.130000 ms MarkObjects: 17.030600 ms  DeleteObjects: 0.425300 ms)

AssetImportParameters requested are different than current active one (requested -> active):
  custom:graphics/normal-map-encoding: 01000000000000000000000000000000 -> 02000000000000000000000000000000
========================================================================
Received Prepare
Registering precompiled user dll's ...
Registered in 0.009333 seconds.
Begin MonoManager ReloadAssembly
Native extension for WindowsStandalone target not found
Refreshing native plugins compatible for Editor in 2.35 ms, found 3 plugins.
Preloading 0 native plugins for Editor in 0.00 ms.
Mono: successfully reloaded assembly
- Completed reload, in  2.727 seconds
Platform modules already initialized, skipping
Switching build target platform(19) subTarget(0) extendedPlatform(0) -> platform(13) subTarget(537395200) extendedPlatform(0)
Refreshing native plugins compatible for Editor in 4.31 ms, found 3 plugins.
Preloading 0 native plugins for Editor in 0.00 ms.
Unloading 2552 Unused Serialized files (Serialized files now loaded: 0)
System memory in use before: 114.2 MB.
System memory in use after: 114.3 MB.

Unloading 58 unused Assets to reduce memory usage. Loaded Objects now: 2983.
Total: 21.132300 ms (FindLiveObjects: 1.479800 ms CreateObjectMapping: 0.606200 ms MarkObjects: 18.619000 ms  DeleteObjects: 0.420300 ms)

AssetImportParameters requested are different than current active one (requested -> active):
  custom:graphics/normal-map-encoding: 01000000000000000000000000000000 -> 02000000000000000000000000000000
========================================================================
Received Prepare
Registering precompiled user dll's ...
Registered in 0.010586 seconds.
Begin MonoManager ReloadAssembly
Native extension for WindowsStandalone target not found
Refreshing native plugins compatible for Editor in 4.64 ms, found 3 plugins.
Preloading 0 native plugins for Editor in 0.00 ms.
Mono: successfully reloaded assembly
- Completed reload, in  2.988 seconds
Platform modules already initialized, skipping
Switching build target platform(19) subTarget(0) extendedPlatform(0) -> platform(13) subTarget(537395200) extendedPlatform(0)
Refreshing native plugins compatible for Editor in 2.02 ms, found 3 plugins.
Preloading 0 native plugins for Editor in 0.00 ms.
Unloading 2552 Unused Serialized files (Serialized files now loaded: 0)
System memory in use before: 114.3 MB.
System memory in use after: 114.3 MB.

Unloading 58 unused Assets to reduce memory usage. Loaded Objects now: 2986.
Total: 15.929100 ms (FindLiveObjects: 0.806800 ms CreateObjectMapping: 0.221900 ms MarkObjects: 14.562200 ms  DeleteObjects: 0.334300 ms)

AssetImportParameters requested are different than current active one (requested -> active):
  custom:graphics/normal-map-encoding: 01000000000000000000000000000000 -> 02000000000000000000000000000000
========================================================================
Received Prepare
Registering precompiled user dll's ...
Registered in 0.009909 seconds.
Begin MonoManager ReloadAssembly
Native extension for WindowsStandalone target not found
Refreshing native plugins compatible for Editor in 2.18 ms, found 3 plugins.
Preloading 0 native plugins for Editor in 0.00 ms.
Mono: successfully reloaded assembly
- Completed reload, in  2.489 seconds
Platform modules already initialized, skipping
Refreshing native plugins compatible for Editor in 2.67 ms, found 3 plugins.
Preloading 0 native plugins for Editor in 0.00 ms.
Unloading 2548 Unused Serialized files (Serialized files now loaded: 0)
System memory in use before: 114.2 MB.
System memory in use after: 114.2 MB.

Unloading 58 unused Assets to reduce memory usage. Loaded Objects now: 2989.
Total: 20.582400 ms (FindLiveObjects: 0.598500 ms CreateObjectMapping: 0.173800 ms MarkObjects: 19.272600 ms  DeleteObjects: 0.533900 ms)

========================================================================
Received Prepare
Refreshing native plugins compatible for Editor in 29.59 ms, found 3 plugins.
Preloading 0 native plugins for Editor in 0.00 ms.
Unloading 55 Unused Serialized files (Serialized files now loaded: 0)
System memory in use before: 65.0 MB.
System memory in use after: 65.0 MB.

Unloading 55 unused Assets to reduce memory usage. Loaded Objects now: 2989.
Total: 13.566700 ms (FindLiveObjects: 0.947000 ms CreateObjectMapping: 0.213300 ms MarkObjects: 12.071300 ms  DeleteObjects: 0.331200 ms)

========================================================================
Received Prepare
Refreshing native plugins compatible for Editor in 25.78 ms, found 3 plugins.
Preloading 0 native plugins for Editor in 0.00 ms.
Unloading 55 Unused Serialized files (Serialized files now loaded: 0)
System memory in use before: 65.0 MB.
System memory in use after: 65.0 MB.

Unloading 55 unused Assets to reduce memory usage. Loaded Objects now: 2989.
Total: 13.007500 ms (FindLiveObjects: 0.676800 ms CreateObjectMapping: 0.168200 ms MarkObjects: 11.711800 ms  DeleteObjects: 0.446800 ms)

========================================================================
Received Prepare
Registering precompiled user dll's ...
Registered in 0.011155 seconds.
Begin MonoManager ReloadAssembly
Native extension for WindowsStandalone target not found
Refreshing native plugins compatible for Editor in 1.92 ms, found 3 plugins.
Preloading 0 native plugins for Editor in 0.00 ms.
Mono: successfully reloaded assembly
- Completed reload, in  2.600 seconds
Platform modules already initialized, skipping
Switching build target platform(19) subTarget(0) extendedPlatform(0) -> platform(13) subTarget(537395200) extendedPlatform(0)
Refreshing native plugins compatible for Editor in 1.77 ms, found 3 plugins.
Preloading 0 native plugins for Editor in 0.00 ms.
Unloading 2552 Unused Serialized files (Serialized files now loaded: 0)
System memory in use before: 114.3 MB.
System memory in use after: 114.4 MB.

Unloading 58 unused Assets to reduce memory usage. Loaded Objects now: 2992.
Total: 11.455800 ms (FindLiveObjects: 0.616400 ms CreateObjectMapping: 0.110000 ms MarkObjects: 10.409700 ms  DeleteObjects: 0.316600 ms)

AssetImportParameters requested are different than current active one (requested -> active):
  custom:graphics/normal-map-encoding: 01000000000000000000000000000000 -> 02000000000000000000000000000000
========================================================================
Received Prepare
Refreshing native plugins compatible for Editor in 19.59 ms, found 3 plugins.
Preloading 0 native plugins for Editor in 0.00 ms.
Unloading 55 Unused Serialized files (Serialized files now loaded: 0)
System memory in use before: 65.4 MB.
System memory in use after: 65.4 MB.

Unloading 55 unused Assets to reduce memory usage. Loaded Objects now: 2992.
Total: 12.522900 ms (FindLiveObjects: 0.706900 ms CreateObjectMapping: 0.270900 ms MarkObjects: 11.156400 ms  DeleteObjects: 0.386100 ms)

========================================================================
Received Import Request.
  Time since last request: 820.867417 seconds.
  path: Assets/WhatsApp Audio 2021-06-28 at 20.26.44.mpeg
  artifactKey: Guid(e481e305467b507419a0a6db0d3f715f) Importer(815301076,1909f56bfc062723c751e8b465ee728b)
Start importing Assets/WhatsApp Audio 2021-06-28 at 20.26.44.mpeg using Guid(e481e305467b507419a0a6db0d3f715f) Importer(815301076,1909f56bfc062723c751e8b465ee728b)  -> (artifact id: '29cb4c8083e51bc5dcc0606d24c2d4a3') in 0.095321 seconds
  Import took 0.168402 seconds .

========================================================================
Received Import Request.
  Time since last request: 513.807593 seconds.
  path: Assets/Show Yourself - Among Us Song.mp3
  artifactKey: Guid(1c26c9243219f9c44b013e1d02fe7417) Importer(815301076,1909f56bfc062723c751e8b465ee728b)
Start importing Assets/Show Yourself - Among Us Song.mp3 using Guid(1c26c9243219f9c44b013e1d02fe7417) Importer(815301076,1909f56bfc062723c751e8b465ee728b)  -> (artifact id: '364e74f11e077bc681f210f01e56b38e') in 0.182979 seconds
  Import took 0.266014 seconds .

========================================================================
Received Prepare
Refreshing native plugins compatible for Editor in 183.77 ms, found 3 plugins.
Preloading 0 native plugins for Editor in 0.00 ms.
Unloading 55 Unused Serialized files (Serialized files now loaded: 0)
System memory in use before: 65.6 MB.
System memory in use after: 65.7 MB.

Unloading 55 unused Assets to reduce memory usage. Loaded Objects now: 2999.
Total: 18.573700 ms (FindLiveObjects: 0.563400 ms CreateObjectMapping: 0.149200 ms MarkObjects: 17.471300 ms  DeleteObjects: 0.386400 ms)

========================================================================
Received Import Request.
  Time since last request: 1594.657131 seconds.
  path: Assets/images.jpg
  artifactKey: Guid(831bab8a8432da446a1113214a2ee22d) Importer(815301076,1909f56bfc062723c751e8b465ee728b)
Start importing Assets/images.jpg using Guid(831bab8a8432da446a1113214a2ee22d) Importer(815301076,1909f56bfc062723c751e8b465ee728b)  -> (artifact id: 'fbef9851a83b6795c97f0b64c81eefdd') in 0.130947 seconds
  Import took 0.219911 seconds .

========================================================================
Received Import Request.
  Time since last request: 249.006155 seconds.
  path: Assets/Scenes/back.unity
  artifactKey: Guid(1424f27fdad266e4aa4f5534d65ae953) Importer(815301076,1909f56bfc062723c751e8b465ee728b)
Start importing Assets/Scenes/back.unity using Guid(1424f27fdad266e4aa4f5534d65ae953) Importer(815301076,1909f56bfc062723c751e8b465ee728b)  -> (artifact id: 'd44899e0f2b0c2616968ab45a50e3dcb') in 0.023582 seconds
  Import took 0.080076 seconds .

========================================================================
Received Prepare
Registering precompiled user dll's ...
Registered in 0.044585 seconds.
Begin MonoManager ReloadAssembly
Native extension for WindowsStandalone target not found
Refreshing native plugins compatible for Editor in 1.96 ms, found 3 plugins.
Preloading 0 native plugins for Editor in 0.00 ms.
Mono: successfully reloaded assembly
- Completed reload, in  2.367 seconds
Platform modules already initialized, skipping
Switching build target platform(19) subTarget(0) extendedPlatform(0) -> platform(13) subTarget(537395200) extendedPlatform(0)
Refreshing native plugins compatible for Editor in 2.65 ms, found 3 plugins.
Preloading 0 native plugins for Editor in 0.00 ms.
Unloading 2552 Unused Serialized files (Serialized files now loaded: 0)
System memory in use before: 114.4 MB.
System memory in use after: 114.5 MB.

Unloading 58 unused Assets to reduce memory usage. Loaded Objects now: 3004.
Total: 17.359900 ms (FindLiveObjects: 0.608100 ms CreateObjectMapping: 0.167000 ms MarkObjects: 16.249800 ms  DeleteObjects: 0.331500 ms)

AssetImportParameters requested are different than current active one (requested -> active):
  custom:graphics/normal-map-encoding: 01000000000000000000000000000000 -> 02000000000000000000000000000000
========================================================================
Received Prepare
Registering precompiled user dll's ...
Registered in 0.009303 seconds.
Begin MonoManager ReloadAssembly
Native extension for WindowsStandalone target not found
Refreshing native plugins compatible for Editor in 5.28 ms, found 3 plugins.
Preloading 0 native plugins for Editor in 0.00 ms.
Mono: successfully reloaded assembly
- Completed reload, in  3.060 seconds
Platform modules already initialized, skipping
Switching build target platform(19) subTarget(0) extendedPlatform(0) -> platform(13) subTarget(537395200) extendedPlatform(0)
Refreshing native plugins compatible for Editor in 2.80 ms, found 3 plugins.
Preloading 0 native plugins for Editor in 0.00 ms.
Unloading 2552 Unused Serialized files (Serialized files now loaded: 0)
System memory in use before: 114.4 MB.
System memory in use after: 114.5 MB.

Unloading 58 unused Assets to reduce memory usage. Loaded Objects now: 3007.
Total: 16.915700 ms (FindLiveObjects: 0.828600 ms CreateObjectMapping: 0.151400 ms MarkObjects: 15.406300 ms  DeleteObjects: 0.524900 ms)

AssetImportParameters requested are different than current active one (requested -> active):
  custom:graphics/normal-map-encoding: 01000000000000000000000000000000 -> 02000000000000000000000000000000
========================================================================
Received Prepare
Registering precompiled user dll's ...
Registered in 0.008128 seconds.
Begin MonoManager ReloadAssembly
Native extension for WindowsStandalone target not found
Refreshing native plugins compatible for Editor in 2.45 ms, found 3 plugins.
Preloading 0 native plugins for Editor in 0.00 ms.
Mono: successfully reloaded assembly
- Completed reload, in  2.720 seconds
Platform modules already initialized, skipping
Switching build target platform(19) subTarget(0) extendedPlatform(0) -> platform(13) subTarget(537395200) extendedPlatform(0)
Refreshing native plugins compatible for Editor in 2.37 ms, found 3 plugins.
Preloading 0 native plugins for Editor in 0.00 ms.
Unloading 2552 Unused Serialized files (Serialized files now loaded: 0)
System memory in use before: 114.4 MB.
System memory in use after: 114.5 MB.

Unloading 58 unused Assets to reduce memory usage. Loaded Objects now: 3010.
Total: 15.183300 ms (FindLiveObjects: 0.892600 ms CreateObjectMapping: 0.253900 ms MarkObjects: 13.553000 ms  DeleteObjects: 0.478400 ms)

AssetImportParameters requested are different than current active one (requested -> active):
  custom:graphics/normal-map-encoding: 01000000000000000000000000000000 -> 02000000000000000000000000000000
========================================================================
Received Prepare
Registering precompiled user dll's ...
Registered in 0.012115 seconds.
Begin MonoManager ReloadAssembly
Native extension for WindowsStandalone target not found
Refreshing native plugins compatible for Editor in 3.43 ms, found 3 plugins.
Preloading 0 native plugins for Editor in 0.00 ms.
Mono: successfully reloaded assembly
- Completed reload, in  2.802 seconds
Platform modules already initialized, skipping
Switching build target platform(19) subTarget(0) extendedPlatform(0) -> platform(13) subTarget(537395200) extendedPlatform(0)
Refreshing native plugins compatible for Editor in 1.86 ms, found 3 plugins.
Preloading 0 native plugins for Editor in 0.00 ms.
Unloading 2552 Unused Serialized files (Serialized files now loaded: 0)
System memory in use before: 114.3 MB.
System memory in use after: 114.4 MB.

Unloading 58 unused Assets to reduce memory usage. Loaded Objects now: 3013.
Total: 22.265200 ms (FindLiveObjects: 0.834600 ms CreateObjectMapping: 0.386600 ms MarkObjects: 20.622300 ms  DeleteObjects: 0.418100 ms)

AssetImportParameters requested are different than current active one (requested -> active):
  custom:graphics/normal-map-encoding: 01000000000000000000000000000000 -> 02000000000000000000000000000000
========================================================================
Received Prepare
Registering precompiled user dll's ...
Registered in 0.008458 seconds.
Begin MonoManager ReloadAssembly
Native extension for WindowsStandalone target not found
Refreshing native plugins compatible for Editor in 3.14 ms, found 3 plugins.
Preloading 0 native plugins for Editor in 0.00 ms.
Mono: successfully reloaded assembly
- Completed reload, in  2.819 seconds
Platform modules already initialized, skipping
Switching build target platform(19) subTarget(0) extendedPlatform(0) -> platform(13) subTarget(537395200) extendedPlatform(0)
Refreshing native plugins compatible for Editor in 2.76 ms, found 3 plugins.
Preloading 0 native plugins for Editor in 0.00 ms.
Unloading 2552 Unused Serialized files (Serialized files now loaded: 0)
System memory in use before: 114.4 MB.
System memory in use after: 114.5 MB.

Unloading 58 unused Assets to reduce memory usage. Loaded Objects now: 3016.
Total: 17.186300 ms (FindLiveObjects: 0.843000 ms CreateObjectMapping: 0.274200 ms MarkObjects: 15.703500 ms  DeleteObjects: 0.361700 ms)

AssetImportParameters requested are different than current active one (requested -> active):
  custom:graphics/normal-map-encoding: 01000000000000000000000000000000 -> 02000000000000000000000000000000
========================================================================
Received Prepare
Registering precompiled user dll's ...
Registered in 0.008221 seconds.
Begin MonoManager ReloadAssembly
Native extension for WindowsStandalone target not found
Refreshing native plugins compatible for Editor in 1.85 ms, found 3 plugins.
Preloading 0 native plugins for Editor in 0.00 ms.
Mono: successfully reloaded assembly
- Completed reload, in  2.252 seconds
Platform modules already initialized, skipping
Switching build target platform(19) subTarget(0) extendedPlatform(0) -> platform(13) subTarget(537395200) extendedPlatform(0)
Refreshing native plugins compatible for Editor in 1.86 ms, found 3 plugins.
Preloading 0 native plugins for Editor in 0.00 ms.
Unloading 2552 Unused Serialized files (Serialized files now loaded: 0)
System memory in use before: 114.4 MB.
System memory in use after: 114.5 MB.

Unloading 58 unused Assets to reduce memory usage. Loaded Objects now: 3019.
Total: 12.219700 ms (FindLiveObjects: 0.617300 ms CreateObjectMapping: 0.109600 ms MarkObjects: 11.153800 ms  DeleteObjects: 0.335700 ms)

AssetImportParameters requested are different than current active one (requested -> active):
  custom:graphics/normal-map-encoding: 01000000000000000000000000000000 -> 02000000000000000000000000000000
========================================================================
Received Import Request.
  Time since last request: 520.515434 seconds.
  path: Assets/images (1).jpg
  artifactKey: Guid(34b8750392a1fe54eadca91eba88db1f) Importer(815301076,1909f56bfc062723c751e8b465ee728b)
Start importing Assets/images (1).jpg using Guid(34b8750392a1fe54eadca91eba88db1f) Importer(815301076,1909f56bfc062723c751e8b465ee728b)  -> (artifact id: '17865ab25f9554b96ed6a54d00fb6cdf') in 0.235673 seconds
  Import took 0.296903 seconds .

========================================================================
Received Prepare
Registering precompiled user dll's ...
Registered in 0.008380 seconds.
Begin MonoManager ReloadAssembly
Native extension for WindowsStandalone target not found
Refreshing native plugins compatible for Editor in 1.82 ms, found 3 plugins.
Preloading 0 native plugins for Editor in 0.00 ms.
Mono: successfully reloaded assembly
- Completed reload, in  2.274 seconds
Platform modules already initialized, skipping
Switching build target platform(19) subTarget(0) extendedPlatform(0) -> platform(13) subTarget(537395200) extendedPlatform(0)
Refreshing native plugins compatible for Editor in 2.02 ms, found 3 plugins.
Preloading 0 native plugins for Editor in 0.00 ms.
Unloading 2552 Unused Serialized files (Serialized files now loaded: 0)
System memory in use before: 114.4 MB.
System memory in use after: 114.5 MB.

Unloading 58 unused Assets to reduce memory usage. Loaded Objects now: 3025.
Total: 12.788000 ms (FindLiveObjects: 0.617100 ms CreateObjectMapping: 0.111800 ms MarkObjects: 11.701800 ms  DeleteObjects: 0.354100 ms)

AssetImportParameters requested are different than current active one (requested -> active):
  custom:graphics/normal-map-encoding: 01000000000000000000000000000000 -> 02000000000000000000000000000000
AssetImportWorkerClient::OnTransportError - code=2 error=End of file
